# JRE version: OpenJDK Runtime Environment (8.0_242-b01) (build 1.8.0_242-release-1644-b01)
# Java VM: OpenJDK 64-Bit Server VM (25.242-b01 mixed mode windows-amd64 compressed oops)
Heap:
 PSYoungGen      total 478208K, used 134472K [0x00000000d5580000, 0x00000000fb180000, 0x0000000100000000)
  eden space 447488K, 30% used [0x00000000d5580000,0x00000000dd8d2178,0x00000000f0a80000)
  from space 30720K, 0% used [0x00000000f0a80000,0x00000000f0a80000,0x00000000f2880000)
  to   space 29696K, 0% used [0x00000000f9480000,0x00000000f9480000,0x00000000fb180000)
 ParOldGen       total 152064K, used 60583K [0x0000000080000000, 0x0000000089480000, 0x00000000d5580000)
  object space 152064K, 39% used [0x0000000080000000,0x0000000083b29dc0,0x0000000089480000)
 Metaspace       used 101880K, capacity 106776K, committed 107056K, reserved 1142784K
  class space    used 13295K, capacity 14262K, committed 14384K, reserved 1048576K
GC Heap History (10 events):
Event: 9.032 GC heap before
{Heap before GC invocations=13 (full 3):
 PSYoungGen      total 364032K, used 19948K [0x00000000d5580000, 0x00000000ed380000, 0x0000000100000000)
  eden space 344064K, 0% used [0x00000000d5580000,0x00000000d5580000,0x00000000ea580000)
  from space 19968K, 99% used [0x00000000ebe80000,0x00000000ed1fb028,0x00000000ed200000)
  to   space 23552K, 0% used [0x00000000ea580000,0x00000000ea580000,0x00000000ebc80000)
 ParOldGen       total 67072K, used 25046K [0x0000000080000000, 0x0000000084180000, 0x00000000d5580000)
  object space 67072K, 37% used [0x0000000080000000,0x0000000081875ae8,0x0000000084180000)
 Metaspace       used 56997K, capacity 59128K, committed 59160K, reserved 1099776K
  class space    used 7608K, capacity 8097K, committed 8112K, reserved 1048576K
Event: 9.194 GC heap after
Heap after GC invocations=13 (full 3):
 PSYoungGen      total 364032K, used 0K [0x00000000d5580000, 0x00000000ed380000, 0x0000000100000000)
  eden space 344064K, 0% used [0x00000000d5580000,0x00000000d5580000,0x00000000ea580000)
  from space 19968K, 0% used [0x00000000ebe80000,0x00000000ebe80000,0x00000000ed200000)
  to   space 23552K, 0% used [0x00000000ea580000,0x00000000ea580000,0x00000000ebc80000)
 ParOldGen       total 99840K, used 33499K [0x0000000080000000, 0x0000000086180000, 0x00000000d5580000)
  object space 99840K, 33% used [0x0000000080000000,0x00000000820b6cd0,0x0000000086180000)
 Metaspace       used 56910K, capacity 58894K, committed 59160K, reserved 1099776K
  class space    used 7586K, capacity 8069K, committed 8112K, reserved 1048576K
}
Event: 261.335 GC heap before
{Heap before GC invocations=14 (full 3):
 PSYoungGen      total 364032K, used 344064K [0x00000000d5580000, 0x00000000ed380000, 0x0000000100000000)
  eden space 344064K, 100% used [0x00000000d5580000,0x00000000ea580000,0x00000000ea580000)
  from space 19968K, 0% used [0x00000000ebe80000,0x00000000ebe80000,0x00000000ed200000)
  to   space 23552K, 0% used [0x00000000ea580000,0x00000000ea580000,0x00000000ebc80000)
 ParOldGen       total 99840K, used 33499K [0x0000000080000000, 0x0000000086180000, 0x00000000d5580000)
  object space 99840K, 33% used [0x0000000080000000,0x00000000820b6cd0,0x0000000086180000)
 Metaspace       used 76602K, capacity 79904K, committed 80048K, reserved 1118208K
  class space    used 10161K, capacity 10830K, committed 10928K, reserved 1048576K
Event: 261.359 GC heap after
Heap after GC invocations=14 (full 3):
 PSYoungGen      total 367616K, used 23536K [0x00000000d5580000, 0x00000000f4c80000, 0x0000000100000000)
  eden space 344064K, 0% used [0x00000000d5580000,0x00000000d5580000,0x00000000ea580000)
  from space 23552K, 99% used [0x00000000ea580000,0x00000000ebc7c1e8,0x00000000ebc80000)
  to   space 28672K, 0% used [0x00000000f3080000,0x00000000f3080000,0x00000000f4c80000)
 ParOldGen       total 99840K, used 38438K [0x0000000080000000, 0x0000000086180000, 0x00000000d5580000)
  object space 99840K, 38% used [0x0000000080000000,0x0000000082589bc8,0x0000000086180000)
 Metaspace       used 76602K, capacity 79904K, committed 80048K, reserved 1118208K
  class space    used 10161K, capacity 10830K, committed 10928K, reserved 1048576K
}
Event: 808.264 GC heap before
{Heap before GC invocations=15 (full 3):
 PSYoungGen      total 367616K, used 367600K [0x00000000d5580000, 0x00000000f4c80000, 0x0000000100000000)
  eden space 344064K, 100% used [0x00000000d5580000,0x00000000ea580000,0x00000000ea580000)
  from space 23552K, 99% used [0x00000000ea580000,0x00000000ebc7c1e8,0x00000000ebc80000)
  to   space 28672K, 0% used [0x00000000f3080000,0x00000000f3080000,0x00000000f4c80000)
 ParOldGen       total 99840K, used 38438K [0x0000000080000000, 0x0000000086180000, 0x00000000d5580000)
  object space 99840K, 38% used [0x0000000080000000,0x0000000082589bc8,0x0000000086180000)
 Metaspace       used 87456K, capacity 91298K, committed 91696K, reserved 1128448K
  class space    used 11400K, capacity 12209K, committed 12336K, reserved 1048576K
Event: 808.313 GC heap after
Heap after GC invocations=15 (full 3):
 PSYoungGen      total 465408K, used 22055K [0x00000000d5580000, 0x00000000f4680000, 0x0000000100000000)
  eden space 442880K, 0% used [0x00000000d5580000,0x00000000d5580000,0x00000000f0600000)
  from space 22528K, 97% used [0x00000000f3080000,0x00000000f4609c68,0x00000000f4680000)
  to   space 30720K, 0% used [0x00000000f0a80000,0x00000000f0a80000,0x00000000f2880000)
 ParOldGen       total 99840K, used 54355K [0x0000000080000000, 0x0000000086180000, 0x00000000d5580000)
  object space 99840K, 54% used [0x0000000080000000,0x0000000083514e50,0x0000000086180000)
 Metaspace       used 87456K, capacity 91298K, committed 91696K, reserved 1128448K
  class space    used 11400K, capacity 12209K, committed 12336K, reserved 1048576K
}
Event: 812.016 GC heap before
{Heap before GC invocations=16 (full 3):
 PSYoungGen      total 465408K, used 285829K [0x00000000d5580000, 0x00000000f4680000, 0x0000000100000000)
  eden space 442880K, 59% used [0x00000000d5580000,0x00000000e5717980,0x00000000f0600000)
  from space 22528K, 97% used [0x00000000f3080000,0x00000000f4609c68,0x00000000f4680000)
  to   space 30720K, 0% used [0x00000000f0a80000,0x00000000f0a80000,0x00000000f2880000)
 ParOldGen       total 99840K, used 54355K [0x0000000080000000, 0x0000000086180000, 0x00000000d5580000)
  object space 99840K, 54% used [0x0000000080000000,0x0000000083514e50,0x0000000086180000)
 Metaspace       used 94345K, capacity 98502K, committed 98600K, reserved 1134592K
  class space    used 12261K, capacity 13139K, committed 13232K, reserved 1048576K
Event: 812.048 GC heap after
Heap after GC invocations=16 (full 3):
 PSYoungGen      total 478208K, used 9030K [0x00000000d5580000, 0x00000000fb180000, 0x0000000100000000)
  eden space 447488K, 0% used [0x00000000d5580000,0x00000000d5580000,0x00000000f0a80000)
  from space 30720K, 29% used [0x00000000f0a80000,0x00000000f1351990,0x00000000f2880000)
  to   space 29696K, 0% used [0x00000000f9480000,0x00000000f9480000,0x00000000fb180000)
 ParOldGen       total 99840K, used 66520K [0x0000000080000000, 0x0000000086180000, 0x00000000d5580000)
  object space 99840K, 66% used [0x0000000080000000,0x00000000840f63a8,0x0000000086180000)
 Metaspace       used 94345K, capacity 98502K, committed 98600K, reserved 1134592K
  class space    used 12261K, capacity 13139K, committed 13232K, reserved 1048576K
}
Event: 812.048 GC heap before
{Heap before GC invocations=17 (full 4):
 PSYoungGen      total 478208K, used 9030K [0x00000000d5580000, 0x00000000fb180000, 0x0000000100000000)
  eden space 447488K, 0% used [0x00000000d5580000,0x00000000d5580000,0x00000000f0a80000)
  from space 30720K, 29% used [0x00000000f0a80000,0x00000000f1351990,0x00000000f2880000)
  to   space 29696K, 0% used [0x00000000f9480000,0x00000000f9480000,0x00000000fb180000)
 ParOldGen       total 99840K, used 66520K [0x0000000080000000, 0x0000000086180000, 0x00000000d5580000)
  object space 99840K, 66% used [0x0000000080000000,0x00000000840f63a8,0x0000000086180000)
 Metaspace       used 94345K, capacity 98502K, committed 98600K, reserved 1134592K
  class space    used 12261K, capacity 13139K, committed 13232K, reserved 1048576K
Event: 812.412 GC heap after
Heap after GC invocations=17 (full 4):
 PSYoungGen      total 478208K, used 0K [0x00000000d5580000, 0x00000000fb180000, 0x0000000100000000)
  eden space 447488K, 0% used [0x00000000d5580000,0x00000000d5580000,0x00000000f0a80000)
  from space 30720K, 0% used [0x00000000f0a80000,0x00000000f0a80000,0x00000000f2880000)
  to   space 29696K, 0% used [0x00000000f9480000,0x00000000f9480000,0x00000000fb180000)
 ParOldGen       total 152064K, used 60583K [0x0000000080000000, 0x0000000089480000, 0x00000000d5580000)
  object space 152064K, 39% used [0x0000000080000000,0x0000000083b29dc0,0x0000000089480000)
 Metaspace       used 94234K, capacity 98190K, committed 98600K, reserved 1134592K
  class space    used 12226K, capacity 13077K, committed 13232K, reserved 1048576K
}

